# JRE version: OpenJDK Runtime Environment (8.0_202-b03) (build 1.8.0_202-release-1483-b03)
# Java VM: OpenJDK 64-Bit Server VM (25.202-b03 mixed mode windows-amd64 compressed oops)
Heap:
 PSYoungGen      total 2538496K, used 567215K [0x0000000715580000, 0x00000007c0000000, 0x00000007c0000000)
  eden space 2288640K, 23% used [0x0000000715580000,0x0000000736a1eea0,0x00000007a1080000)
  from space 249856K, 8% used [0x00000007a1080000,0x00000007a25cd130,0x00000007b0480000)
  to   space 246272K, 0% used [0x00000007b0f80000,0x00000007b0f80000,0x00000007c0000000)
 ParOldGen       total 5592576K, used 446486K [0x00000005c0000000, 0x0000000715580000, 0x0000000715580000)
  object space 5592576K, 7% used [0x00000005c0000000,0x00000005db405a30,0x0000000715580000)
 Metaspace       used 122258K, capacity 129003K, committed 129344K, reserved 1163264K
  class space    used 14806K, capacity 16100K, committed 16192K, reserved 1048576K
GC Heap History (10 events):
Event: 1073.533 GC heap before
{Heap before GC invocations=15 (full 4):
 PSYoungGen      total 2523648K, used 2429082K [0x0000000715580000, 0x00000007c0000000, 0x00000007c0000000)
  eden space 2265600K, 100% used [0x0000000715580000,0x000000079fa00000,0x000000079fa00000)
  from space 258048K, 63% used [0x00000007b0400000,0x00000007ba3a6a78,0x00000007c0000000)
  to   space 265216K, 0% used [0x000000079fa00000,0x000000079fa00000,0x00000007afd00000)
 ParOldGen       total 5592576K, used 317790K [0x00000005c0000000, 0x0000000715580000, 0x0000000715580000)
  object space 5592576K, 5% used [0x00000005c0000000,0x00000005d3657b80,0x0000000715580000)
 Metaspace       used 120056K, capacity 126335K, committed 126528K, reserved 1159168K
  class space    used 14611K, capacity 15820K, committed 15936K, reserved 1048576K
Event: 1073.769 GC heap after
Heap after GC invocations=15 (full 4):
 PSYoungGen      total 2530816K, used 141475K [0x0000000715580000, 0x00000007c0000000, 0x00000007c0000000)
  eden space 2265600K, 0% used [0x0000000715580000,0x0000000715580000,0x000000079fa00000)
  from space 265216K, 53% used [0x000000079fa00000,0x00000007a8428fa8,0x00000007afd00000)
  to   space 261120K, 0% used [0x00000007b0100000,0x00000007b0100000,0x00000007c0000000)
 ParOldGen       total 5592576K, used 317790K [0x00000005c0000000, 0x0000000715580000, 0x0000000715580000)
  object space 5592576K, 5% used [0x00000005c0000000,0x00000005d3657b80,0x0000000715580000)
 Metaspace       used 120056K, capacity 126335K, committed 126528K, reserved 1159168K
  class space    used 14611K, capacity 15820K, committed 15936K, reserved 1048576K
}
Event: 1079.829 GC heap before
{Heap before GC invocations=16 (full 4):
 PSYoungGen      total 2530816K, used 2407075K [0x0000000715580000, 0x00000007c0000000, 0x00000007c0000000)
  eden space 2265600K, 100% used [0x0000000715580000,0x000000079fa00000,0x000000079fa00000)
  from space 265216K, 53% used [0x000000079fa00000,0x00000007a8428fa8,0x00000007afd00000)
  to   space 261120K, 0% used [0x00000007b0100000,0x00000007b0100000,0x00000007c0000000)
 ParOldGen       total 5592576K, used 317790K [0x00000005c0000000, 0x0000000715580000, 0x0000000715580000)
  object space 5592576K, 5% used [0x00000005c0000000,0x00000005d3657b80,0x0000000715580000)
 Metaspace       used 120563K, capacity 126925K, committed 127168K, reserved 1161216K
  class space    used 14680K, capacity 15905K, committed 16064K, reserved 1048576K
Event: 1080.384 GC heap after
Heap after GC invocations=16 (full 4):
 PSYoungGen      total 2536448K, used 34961K [0x0000000715580000, 0x00000007c0000000, 0x00000007c0000000)
  eden space 2275328K, 0% used [0x0000000715580000,0x0000000715580000,0x00000007a0380000)
  from space 261120K, 13% used [0x00000007b0100000,0x00000007b23245e0,0x00000007c0000000)
  to   space 259584K, 0% used [0x00000007a0380000,0x00000007a0380000,0x00000007b0100000)
 ParOldGen       total 5592576K, used 430902K [0x00000005c0000000, 0x0000000715580000, 0x0000000715580000)
  object space 5592576K, 7% used [0x00000005c0000000,0x00000005da4cda18,0x0000000715580000)
 Metaspace       used 120563K, capacity 126925K, committed 127168K, reserved 1161216K
  class space    used 14680K, capacity 15905K, committed 16064K, reserved 1048576K
}
Event: 1087.017 GC heap before
{Heap before GC invocations=17 (full 4):
 PSYoungGen      total 2536448K, used 2310289K [0x0000000715580000, 0x00000007c0000000, 0x00000007c0000000)
  eden space 2275328K, 100% used [0x0000000715580000,0x00000007a0380000,0x00000007a0380000)
  from space 261120K, 13% used [0x00000007b0100000,0x00000007b23245e0,0x00000007c0000000)
  to   space 259584K, 0% used [0x00000007a0380000,0x00000007a0380000,0x00000007b0100000)
 ParOldGen       total 5592576K, used 430902K [0x00000005c0000000, 0x0000000715580000, 0x0000000715580000)
  object space 5592576K, 7% used [0x00000005c0000000,0x00000005da4cda18,0x0000000715580000)
 Metaspace       used 120635K, capacity 126989K, committed 127168K, reserved 1161216K
  class space    used 14681K, capacity 15905K, committed 16064K, reserved 1048576K
Event: 1087.058 GC heap after
Heap after GC invocations=17 (full 4):
 PSYoungGen      total 2534912K, used 25368K [0x0000000715580000, 0x00000007c0000000, 0x00000007c0000000)
  eden space 2275328K, 0% used [0x0000000715580000,0x0000000715580000,0x00000007a0380000)
  from space 259584K, 9% used [0x00000007a0380000,0x00000007a1c46238,0x00000007b0100000)
  to   space 257536K, 0% used [0x00000007b0480000,0x00000007b0480000,0x00000007c0000000)
 ParOldGen       total 5592576K, used 437325K [0x00000005c0000000, 0x0000000715580000, 0x0000000715580000)
  object space 5592576K, 7% used [0x00000005c0000000,0x00000005dab137b8,0x0000000715580000)
 Metaspace       used 120635K, capacity 126989K, committed 127168K, reserved 1161216K
  class space    used 14681K, capacity 15905K, committed 16064K, reserved 1048576K
}
Event: 1093.511 GC heap before
{Heap before GC invocations=18 (full 4):
 PSYoungGen      total 2534912K, used 2300696K [0x0000000715580000, 0x00000007c0000000, 0x00000007c0000000)
  eden space 2275328K, 100% used [0x0000000715580000,0x00000007a0380000,0x00000007a0380000)
  from space 259584K, 9% used [0x00000007a0380000,0x00000007a1c46238,0x00000007b0100000)
  to   space 257536K, 0% used [0x00000007b0480000,0x00000007b0480000,0x00000007c0000000)
 ParOldGen       total 5592576K, used 437325K [0x00000005c0000000, 0x0000000715580000, 0x0000000715580000)
  object space 5592576K, 7% used [0x00000005c0000000,0x00000005dab137b8,0x0000000715580000)
 Metaspace       used 120901K, capacity 127281K, committed 127424K, reserved 1161216K
  class space    used 14704K, capacity 15933K, committed 16064K, reserved 1048576K
Event: 1093.584 GC heap after
Heap after GC invocations=18 (full 4):
 PSYoungGen      total 2546176K, used 49235K [0x0000000715580000, 0x00000007c0000000, 0x00000007c0000000)
  eden space 2288640K, 0% used [0x0000000715580000,0x0000000715580000,0x00000007a1080000)
  from space 257536K, 19% used [0x00000007b0480000,0x00000007b3494f10,0x00000007c0000000)
  to   space 249856K, 0% used [0x00000007a1080000,0x00000007a1080000,0x00000007b0480000)
 ParOldGen       total 5592576K, used 441705K [0x00000005c0000000, 0x0000000715580000, 0x0000000715580000)
  object space 5592576K, 7% used [0x00000005c0000000,0x00000005daf5a448,0x0000000715580000)
 Metaspace       used 120901K, capacity 127281K, committed 127424K, reserved 1161216K
  class space    used 14704K, capacity 15933K, committed 16064K, reserved 1048576K
}
Event: 1184.717 GC heap before
{Heap before GC invocations=19 (full 4):
 PSYoungGen      total 2546176K, used 2337875K [0x0000000715580000, 0x00000007c0000000, 0x00000007c0000000)
  eden space 2288640K, 100% used [0x0000000715580000,0x00000007a1080000,0x00000007a1080000)
  from space 257536K, 19% used [0x00000007b0480000,0x00000007b3494f10,0x00000007c0000000)
  to   space 249856K, 0% used [0x00000007a1080000,0x00000007a1080000,0x00000007b0480000)
 ParOldGen       total 5592576K, used 441705K [0x00000005c0000000, 0x0000000715580000, 0x0000000715580000)
  object space 5592576K, 7% used [0x00000005c0000000,0x00000005daf5a448,0x0000000715580000)
 Metaspace       used 122107K, capacity 128709K, committed 128832K, reserved 1161216K
  class space    used 14791K, capacity 16073K, committed 16192K, reserved 1048576K
Event: 1184.793 GC heap after
Heap after GC invocations=19 (full 4):
 PSYoungGen      total 2538496K, used 21812K [0x0000000715580000, 0x00000007c0000000, 0x00000007c0000000)
  eden space 2288640K, 0% used [0x0000000715580000,0x0000000715580000,0x00000007a1080000)
  from space 249856K, 8% used [0x00000007a1080000,0x00000007a25cd130,0x00000007b0480000)
  to   space 246272K, 0% used [0x00000007b0f80000,0x00000007b0f80000,0x00000007c0000000)
 ParOldGen       total 5592576K, used 446486K [0x00000005c0000000, 0x0000000715580000, 0x0000000715580000)
  object space 5592576K, 7% used [0x00000005c0000000,0x00000005db405a30,0x0000000715580000)
 Metaspace       used 122107K, capacity 128709K, committed 128832K, reserved 1161216K
  class space    used 14791K, capacity 16073K, committed 16192K, reserved 1048576K
}

